<?xml version="1.0" encoding="UTF-8"?>
<testsuite name="dao.Sql2oCategoryDaoTest" tests="8" skipped="0" failures="0" errors="0" timestamp="2022-12-19T18:34:02" hostname="kajela-HP-EliteBook-840-G3" time="0.656">
  <properties/>
  <testcase name="noCategoriesReturnsEmptyList" classname="dao.Sql2oCategoryDaoTest" time="0.179"/>
  <testcase name="clearAllClearsAllCategories" classname="dao.Sql2oCategoryDaoTest" time="0.09"/>
  <testcase name="deleteByIdDeletesCorrectCategory" classname="dao.Sql2oCategoryDaoTest" time="0.055"/>
  <testcase name="updateChangesCategoryContent" classname="dao.Sql2oCategoryDaoTest" time="0.091"/>
  <testcase name="addedCategoriesAreReturnedFromGetAll" classname="dao.Sql2oCategoryDaoTest" time="0.043"/>
  <testcase name="getAllBookingByCategoryReturnsBookingsCorrectly" classname="dao.Sql2oCategoryDaoTest" time="0.109"/>
  <testcase name="addingCategorySetsId" classname="dao.Sql2oCategoryDaoTest" time="0.039"/>
  <testcase name="existingCategoryCanBeFoundById" classname="dao.Sql2oCategoryDaoTest" time="0.041"/>
  <system-out><![CDATA[clearing database
clearing database
clearing database
clearing database
clearing database
clearing database
clearing database
clearing database
connection closed
]]></system-out>
  <system-err><![CDATA[]]></system-err>
</testsuite>
